<?xml version="1.0" encoding="UTF-8"?>
<testsuite xmlns:xsi="http://www.w3.org/2001/XMLSchema-instance" xsi:noNamespaceSchemaLocation="https://maven.apache.org/surefire/maven-surefire-plugin/xsd/surefire-test-report-3.0.xsd" version="3.0" name="com.example.readreplicapoc.ReadReplicaPocApplicationTests" time="2.74" tests="1" errors="0" skipped="0" failures="0">
  <properties>
[...]
</properties>
  <testcase name="contextLoads" classname="com.example.readreplicapoc.ReadReplicaPocApplicationTests" time="0.282">
    <system-out><![CDATA[16:12:15.811 [main] INFO org.springframework.test.context.support.AnnotationConfigContextLoaderUtils -- Could not detect default configuration classes for test class [com.example.readreplicapoc.ReadReplicaPocApplicationTests]: ReadReplicaPocApplicationTests does not declare any static, non-private, non-final, nested classes annotated with @Configuration.
16:12:15.865 [main] INFO org.springframework.boot.test.context.SpringBootTestContextBootstrapper -- Found @SpringBootConfiguration com.example.readreplicapoc.ReadReplicaPocApplication for test class com.example.readreplicapoc.ReadReplicaPocApplicationTests

  .   ____          _            __ _ _
 /\\ / ___'_ __ _ _(_)_ __  __ _ \ \ \ \
( ( )\___ | '_ | '_| | '_ \/ _` | \ \ \ \
 \\/  ___)| |_)| | | | | || (_| |  ) ) ) )
  '  |____| .__|_| |_|_| |_\__, | / / / /
 =========|_|==============|___/=/_/_/_/

 :: Spring Boot ::                (v3.3.2)

2024-08-12T16:12:16.087+03:00  INFO 29342 --- [read-replica-poc] [           main] c.e.r.ReadReplicaPocApplicationTests     : Starting ReadReplicaPocApplicationTests using Java 17.0.6 with PID 29342 (started by santoshkumarravi in /Users/santhoshkumarravi/Documents/read-replica-poc)
2024-08-12T16:12:16.088+03:00  INFO 29342 --- [read-replica-poc] [           main] c.e.r.ReadReplicaPocApplicationTests     : No active profile set, falling back to 1 default profile: "default"
2024-08-12T16:12:16.541+03:00  INFO 29342 --- [read-replica-poc] [           main] .s.d.r.c.RepositoryConfigurationDelegate : Multiple Spring Data modules found, entering strict repository configuration mode
2024-08-12T16:12:16.541+03:00  INFO 29342 --- [read-replica-poc] [           main] .s.d.r.c.RepositoryConfigurationDelegate : Bootstrapping Spring Data JDBC repositories in DEFAULT mode.
2024-08-12T16:12:16.560+03:00  INFO 29342 --- [read-replica-poc] [           main] .RepositoryConfigurationExtensionSupport : Spring Data JDBC - Could not safely identify store assignment for repository candidate interface com.example.readreplicapoc.repository.PersonRepository; If you want this repository to be a JDBC repository, consider annotating your entities with one of these annotations: org.springframework.data.relational.core.mapping.Table.
2024-08-12T16:12:16.560+03:00  INFO 29342 --- [read-replica-poc] [           main] .s.d.r.c.RepositoryConfigurationDelegate : Finished Spring Data repository scanning in 17 ms. Found 0 JDBC repository interfaces.
2024-08-12T16:12:16.566+03:00  INFO 29342 --- [read-replica-poc] [           main] .s.d.r.c.RepositoryConfigurationDelegate : Multiple Spring Data modules found, entering strict repository configuration mode
2024-08-12T16:12:16.567+03:00  INFO 29342 --- [read-replica-poc] [           main] .s.d.r.c.RepositoryConfigurationDelegate : Bootstrapping Spring Data JPA repositories in DEFAULT mode.
2024-08-12T16:12:16.584+03:00  INFO 29342 --- [read-replica-poc] [           main] .s.d.r.c.RepositoryConfigurationDelegate : Finished Spring Data repository scanning in 15 ms. Found 1 JPA repository interface.
2024-08-12T16:12:16.814+03:00  INFO 29342 --- [read-replica-poc] [           main] com.zaxxer.hikari.HikariDataSource       : PrimaryHikariPool - Starting...
2024-08-12T16:12:16.818+03:00  WARN 29342 --- [read-replica-poc] [           main] c.zaxxer.hikari.util.DriverDataSource    : Registered driver with driverClassName=com.mysql.jdbc.Driver was not found, trying direct instantiation.
2024-08-12T16:12:17.013+03:00  INFO 29342 --- [read-replica-poc] [           main] com.zaxxer.hikari.pool.HikariPool        : PrimaryHikariPool - Added connection com.mysql.cj.jdbc.ConnectionImpl@4a22e4d7
2024-08-12T16:12:17.015+03:00  INFO 29342 --- [read-replica-poc] [           main] com.zaxxer.hikari.HikariDataSource       : PrimaryHikariPool - Start completed.
2024-08-12T16:12:17.015+03:00  INFO 29342 --- [read-replica-poc] [           main] com.zaxxer.hikari.HikariDataSource       : ReadOnlyHikariPool - Starting...
2024-08-12T16:12:17.016+03:00  WARN 29342 --- [read-replica-poc] [           main] c.zaxxer.hikari.util.DriverDataSource    : Registered driver with driverClassName=com.mysql.jdbc.Driver was not found, trying direct instantiation.
2024-08-12T16:12:17.038+03:00  INFO 29342 --- [read-replica-poc] [           main] com.zaxxer.hikari.pool.HikariPool        : ReadOnlyHikariPool - Added connection com.mysql.cj.jdbc.ConnectionImpl@78c74647
2024-08-12T16:12:17.039+03:00  INFO 29342 --- [read-replica-poc] [           main] com.zaxxer.hikari.HikariDataSource       : ReadOnlyHikariPool - Start completed.
2024-08-12T16:12:17.099+03:00  INFO 29342 --- [read-replica-poc] [           main] o.hibernate.jpa.internal.util.LogHelper  : HHH000204: Processing PersistenceUnitInfo [name: default]
2024-08-12T16:12:17.124+03:00  INFO 29342 --- [read-replica-poc] [           main] org.hibernate.Version                    : HHH000412: Hibernate ORM core version 6.5.2.Final
2024-08-12T16:12:17.145+03:00  INFO 29342 --- [read-replica-poc] [           main] o.h.c.internal.RegionFactoryInitiator    : HHH000026: Second-level cache disabled
2024-08-12T16:12:17.283+03:00  INFO 29342 --- [read-replica-poc] [           main] o.s.o.j.p.SpringPersistenceUnitInfo      : No LoadTimeWeaver setup: ignoring JPA class transformer
2024-08-12T16:12:17.318+03:00  WARN 29342 --- [read-replica-poc] [           main] org.hibernate.orm.deprecation            : HHH90000025: MySQL8Dialect does not need to be specified explicitly using 'hibernate.dialect' (remove the property setting and it will be selected by default)
2024-08-12T16:12:17.318+03:00  WARN 29342 --- [read-replica-poc] [           main] org.hibernate.orm.deprecation            : HHH90000026: MySQL8Dialect has been deprecated; use org.hibernate.dialect.MySQLDialect instead
2024-08-12T16:12:17.680+03:00  INFO 29342 --- [read-replica-poc] [           main] o.h.e.t.j.p.i.JtaPlatformInitiator       : HHH000489: No JTA platform available (set 'hibernate.transaction.jta.platform' to enable JTA platform integration)
Hibernate: create table person (id integer not null auto_increment, age integer not null, first_name varchar(255), last_name varchar(255), middle_name varchar(255), primary key (id)) engine=InnoDB
2024-08-12T16:12:17.739+03:00  INFO 29342 --- [read-replica-poc] [           main] j.LocalContainerEntityManagerFactoryBean : Initialized JPA EntityManagerFactory for persistence unit 'default'
2024-08-12T16:12:17.936+03:00  WARN 29342 --- [read-replica-poc] [           main] JpaBaseConfiguration$JpaWebConfiguration : spring.jpa.open-in-view is enabled by default. Therefore, database queries may be performed during view rendering. Explicitly configure spring.jpa.open-in-view to disable this warning
2024-08-12T16:12:18.185+03:00  INFO 29342 --- [read-replica-poc] [           main] c.e.r.ReadReplicaPocApplicationTests     : Started ReadReplicaPocApplicationTests in 2.231 seconds (process running for 2.666)
]]></system-out>
    <system-err><![CDATA[Loading class `com.mysql.jdbc.Driver'. This is deprecated. The new driver class is `com.mysql.cj.jdbc.Driver'. The driver is automatically registered via the SPI and manual loading of the driver class is generally unnecessary.
]]></system-err>
  </testcase>
</testsuite>